[18:24:58] [ServerMain/INFO]: Environment: Environment[sessionHost=https://sessionserver.mojang.com, servicesHost=https://api.minecraftservices.com, profilesHost=https://api.mojang.com, name=PROD]
[18:24:58] [Worker-Main-2/INFO]: No existing world data, creating new world
[18:24:59] [ServerMain/INFO]: Loaded 1515 recipes
[18:24:59] [ServerMain/INFO]: Loaded 1617 advancements
[18:24:59] [Server thread/INFO]: Starting minecraft server version 26.1.2
[18:24:59] [Server thread/INFO]: Loading properties
[18:24:59] [Server thread/INFO]: Default game type: SURVIVAL
[18:24:59] [Server thread/INFO]: Generating keypair
[18:25:00] [Server thread/INFO]: Starting Minecraft server on *:25565
[18:25:00] [Server thread/WARN]: **** SERVER IS RUNNING IN OFFLINE/INSECURE MODE!
[18:25:00] [Server thread/WARN]: The server will make no attempt to authenticate usernames. Beware.
[18:25:00] [Server thread/WARN]: While this makes the game possible to play without internet access, it also opens up the ability for hackers to connect with any username they choose.
[18:25:00] [Server thread/WARN]: To change this, set "online-mode" to "true" in the server.properties file.
[18:25:00] [Server thread/INFO]: Preparing level "world"
[18:25:00] [Server thread/INFO]: Selecting global world spawn...
[18:25:06] [Server thread/INFO]: Loading 0 persistent chunks...
[18:25:06] [Server thread/INFO]: Preparing spawn area: 100%
[18:25:06] [Server thread/INFO]: Time elapsed: 5758 ms
[18:25:06] [Server thread/INFO]: Done (6.080s)! For help, type "help"
[18:25:06] [Server thread/INFO]: Saving chunks for level 'ServerLevel[world]'/minecraft:overworld
[18:25:06] [Server thread/INFO]: Saving chunks for level 'ServerLevel[world]'/minecraft:the_end
[18:25:06] [Server thread/INFO]: Saving chunks for level 'ServerLevel[world]'/minecraft:the_nether
[18:25:06] [Server thread/INFO]: ThreadedAnvilChunkStorage (world): All chunks are saved
[18:25:06] [Server thread/INFO]: ThreadedAnvilChunkStorage (DIM1): All chunks are saved
[18:25:06] [Server thread/INFO]: ThreadedAnvilChunkStorage (DIM-1): All chunks are saved
[18:25:06] [Server thread/INFO]: ThreadedAnvilChunkStorage: All dimensions are saved
[18:26:06] [Server thread/INFO]: Server empty for 60 seconds, pausing
